2020.10.10 15:16:55 INFO  started: Metals version 0.9.4 in workspace 'D:\xampp\htdocs\WebGiaoThong' for client vscode.
2020.10.10 15:16:56 INFO  time: initialize in 1.18s
2020.10.10 15:16:59 WARN  no build tool detected in workspace 'D:\xampp\htdocs\WebGiaoThong'. The most common cause for this problem is that the editor was opened in the wrong working directory, for example if you use sbt then the workspace directory should contain build.sbt. 
Oct 10, 2020 3:17:44 PM org.eclipse.lsp4j.jsonrpc.services.GenericEndpoint notify
INFO: Unsupported notification method: $/setTraceNotification
2020.10.10 16:54:47 INFO  shutting down Metals
2020.10.11 13:46:44 INFO  started: Metals version 0.9.4 in workspace 'D:\xampp\htdocs\WebGiaoThong' for client vscode.
2020.10.11 13:46:45 INFO  time: initialize in 1.28s
2020.10.11 13:46:51 WARN  no build tool detected in workspace 'D:\xampp\htdocs\WebGiaoThong'. The most common cause for this problem is that the editor was opened in the wrong working directory, for example if you use sbt then the workspace directory should contain build.sbt. 
2020.10.11 14:06:31 INFO  shutting down Metals
2020.10.11 14:08:50 INFO  started: Metals version 0.9.4 in workspace 'D:\xampp\htdocs\WebGiaoThong' for client vscode.
2020.10.11 14:08:51 INFO  time: initialize in 0.85s
2020.10.11 14:08:57 WARN  no build tool detected in workspace 'D:\xampp\htdocs\WebGiaoThong'. The most common cause for this problem is that the editor was opened in the wrong working directory, for example if you use sbt then the workspace directory should contain build.sbt. 
2020.10.11 14:13:39 INFO  shutting down Metals
2020.10.11 14:14:47 INFO  started: Metals version 0.9.4 in workspace 'D:\xampp\htdocs\WebGiaoThong' for client vscode.
2020.10.11 14:14:48 INFO  time: initialize in 0.93s
2020.10.11 14:14:53 WARN  no build tool detected in workspace 'D:\xampp\htdocs\WebGiaoThong'. The most common cause for this problem is that the editor was opened in the wrong working directory, for example if you use sbt then the workspace directory should contain build.sbt. 
2020.10.11 14:16:32 INFO  shutting down Metals
2020.10.11 14:18:03 INFO  started: Metals version 0.9.4 in workspace 'D:\xampp\htdocs\WebGiaoThong' for client vscode.
2020.10.11 14:18:04 INFO  time: initialize in 1.15s
2020.10.11 14:18:11 WARN  no build tool detected in workspace 'D:\xampp\htdocs\WebGiaoThong'. The most common cause for this problem is that the editor was opened in the wrong working directory, for example if you use sbt then the workspace directory should contain build.sbt. 
Oct 11, 2020 2:18:13 PM org.eclipse.lsp4j.jsonrpc.services.GenericEndpoint notify
INFO: Unsupported notification method: $/setTraceNotification
2020.10.11 14:18:32 INFO  shutting down Metals
2020.10.11 14:20:05 INFO  started: Metals version 0.9.4 in workspace 'D:\xampp\htdocs\WebGiaoThong' for client vscode.
2020.10.11 14:20:06 INFO  time: initialize in 1.02s
2020.10.11 14:20:08 WARN  no build tool detected in workspace 'D:\xampp\htdocs\WebGiaoThong'. The most common cause for this problem is that the editor was opened in the wrong working directory, for example if you use sbt then the workspace directory should contain build.sbt. 
2020.10.11 14:22:10 INFO  shutting down Metals
2020.10.11 14:24:17 INFO  started: Metals version 0.9.4 in workspace 'D:\xampp\htdocs\WebGiaoThong' for client vscode.
2020.10.11 14:24:18 INFO  time: initialize in 0.94s
2020.10.11 14:24:20 WARN  no build tool detected in workspace 'D:\xampp\htdocs\WebGiaoThong'. The most common cause for this problem is that the editor was opened in the wrong working directory, for example if you use sbt then the workspace directory should contain build.sbt. 
2020.10.11 14:25:51 INFO  shutting down Metals
2020.10.11 14:27:11 INFO  started: Metals version 0.9.4 in workspace 'D:\xampp\htdocs\WebGiaoThong' for client vscode.
2020.10.11 14:27:12 INFO  time: initialize in 0.86s
2020.10.11 14:27:14 WARN  no build tool detected in workspace 'D:\xampp\htdocs\WebGiaoThong'. The most common cause for this problem is that the editor was opened in the wrong working directory, for example if you use sbt then the workspace directory should contain build.sbt. 
2020.10.11 14:29:19 INFO  shutting down Metals
2020.10.11 14:30:46 INFO  started: Metals version 0.9.4 in workspace 'D:\xampp\htdocs\WebGiaoThong' for client vscode.
2020.10.11 14:30:47 INFO  time: initialize in 0.97s
2020.10.11 14:30:49 WARN  no build tool detected in workspace 'D:\xampp\htdocs\WebGiaoThong'. The most common cause for this problem is that the editor was opened in the wrong working directory, for example if you use sbt then the workspace directory should contain build.sbt. 
2020.10.11 14:32:14 INFO  shutting down Metals
2020.10.11 14:33:59 INFO  started: Metals version 0.9.4 in workspace 'D:\xampp\htdocs\WebGiaoThong' for client vscode.
2020.10.11 14:34:00 INFO  time: initialize in 1.05s
2020.10.11 14:34:02 WARN  no build tool detected in workspace 'D:\xampp\htdocs\WebGiaoThong'. The most common cause for this problem is that the editor was opened in the wrong working directory, for example if you use sbt then the workspace directory should contain build.sbt. 
2020.10.11 14:37:44 INFO  shutting down Metals
2020.10.11 14:39:35 INFO  started: Metals version 0.9.4 in workspace 'D:\xampp\htdocs\WebGiaoThong' for client vscode.
2020.10.11 14:39:36 INFO  time: initialize in 1.07s
2020.10.11 14:39:38 WARN  no build tool detected in workspace 'D:\xampp\htdocs\WebGiaoThong'. The most common cause for this problem is that the editor was opened in the wrong working directory, for example if you use sbt then the workspace directory should contain build.sbt. 
2020.10.11 14:41:07 INFO  shutting down Metals
2020.10.11 14:42:34 INFO  started: Metals version 0.9.4 in workspace 'D:\xampp\htdocs\WebGiaoThong' for client vscode.
2020.10.11 14:42:35 INFO  time: initialize in 0.96s
2020.10.11 14:42:37 WARN  no build tool detected in workspace 'D:\xampp\htdocs\WebGiaoThong'. The most common cause for this problem is that the editor was opened in the wrong working directory, for example if you use sbt then the workspace directory should contain build.sbt. 
Oct 11, 2020 2:52:19 PM org.eclipse.lsp4j.jsonrpc.services.GenericEndpoint notify
INFO: Unsupported notification method: $/setTraceNotification
2020.10.11 14:52:51 INFO  shutting down Metals
2020.10.11 14:54:36 INFO  started: Metals version 0.9.4 in workspace 'D:\xampp\htdocs\WebGiaoThong' for client vscode.
2020.10.11 14:54:37 INFO  time: initialize in 0.93s
2020.10.11 14:54:38 WARN  no build tool detected in workspace 'D:\xampp\htdocs\WebGiaoThong'. The most common cause for this problem is that the editor was opened in the wrong working directory, for example if you use sbt then the workspace directory should contain build.sbt. 
2020.10.11 14:56:35 INFO  shutting down Metals
2020.10.11 14:58:37 INFO  started: Metals version 0.9.4 in workspace 'D:\xampp\htdocs\WebGiaoThong' for client vscode.
2020.10.11 14:58:38 INFO  time: initialize in 0.87s
2020.10.11 14:58:41 WARN  no build tool detected in workspace 'D:\xampp\htdocs\WebGiaoThong'. The most common cause for this problem is that the editor was opened in the wrong working directory, for example if you use sbt then the workspace directory should contain build.sbt. 
Oct 11, 2020 3:01:44 PM org.eclipse.lsp4j.jsonrpc.services.GenericEndpoint notify
INFO: Unsupported notification method: $/setTraceNotification
2020.10.11 15:01:52 INFO  shutting down Metals
2020.10.11 15:03:39 INFO  started: Metals version 0.9.4 in workspace 'D:\xampp\htdocs\WebGiaoThong' for client vscode.
2020.10.11 15:03:40 INFO  time: initialize in 0.81s
2020.10.11 15:03:42 WARN  no build tool detected in workspace 'D:\xampp\htdocs\WebGiaoThong'. The most common cause for this problem is that the editor was opened in the wrong working directory, for example if you use sbt then the workspace directory should contain build.sbt. 
2020.10.11 15:04:34 INFO  shutting down Metals
2020.10.11 15:06:06 INFO  started: Metals version 0.9.4 in workspace 'D:\xampp\htdocs\WebGiaoThong' for client vscode.
2020.10.11 15:06:06 INFO  time: initialize in 0.88s
2020.10.11 15:06:08 WARN  no build tool detected in workspace 'D:\xampp\htdocs\WebGiaoThong'. The most common cause for this problem is that the editor was opened in the wrong working directory, for example if you use sbt then the workspace directory should contain build.sbt. 
Oct 11, 2020 11:42:48 PM org.eclipse.lsp4j.jsonrpc.services.GenericEndpoint notify
INFO: Unsupported notification method: $/setTraceNotification
2020.10.12 08:41:57 INFO  shutting down Metals
2020.10.12 08:44:19 INFO  started: Metals version 0.9.4 in workspace 'D:\xampp\htdocs\WebGiaoThong' for client vscode.
2020.10.12 08:44:20 INFO  time: initialize in 0.84s
2020.10.12 08:44:21 WARN  no build tool detected in workspace 'D:\xampp\htdocs\WebGiaoThong'. The most common cause for this problem is that the editor was opened in the wrong working directory, for example if you use sbt then the workspace directory should contain build.sbt. 
2020.10.12 16:19:52 INFO  shutting down Metals
2020.10.13 08:47:21 INFO  started: Metals version 0.9.4 in workspace 'D:\xampp\htdocs\WebGiaoThong' for client vscode.
2020.10.13 08:47:24 INFO  time: initialize in 2.68s
2020.10.13 08:47:27 WARN  no build tool detected in workspace 'D:\xampp\htdocs\WebGiaoThong'. The most common cause for this problem is that the editor was opened in the wrong working directory, for example if you use sbt then the workspace directory should contain build.sbt. 
2020.10.13 15:38:52 INFO  shutting down Metals
